The system is: Linux - 5.8.6-1-MANJARO - x86_64
Compiling the C compiler identification source file "CMakeCCompilerId.c" succeeded.
Compiler: /usr/bin/gcc-8 
Build flags: 
Id flags:  

The output was:
0


Compilation of the C compiler identification source "CMakeCCompilerId.c" produced "a.out"

The C compiler identification is GNU, found in "/home/perfest/AL_LABS/lab-01-parser-test/cmake-build-debug/CMakeFiles/3.17.3/CompilerIdC/a.out"

Compiling the CXX compiler identification source file "CMakeCXXCompilerId.cpp" succeeded.
Compiler: /usr/bin/g++-8 
Build flags: 
Id flags:  

The output was:
0


Compilation of the CXX compiler identification source "CMakeCXXCompilerId.cpp" produced "a.out"

The CXX compiler identification is GNU, found in "/home/perfest/AL_LABS/lab-01-parser-test/cmake-build-debug/CMakeFiles/3.17.3/CompilerIdCXX/a.out"

Determining if the C compiler works passed with the following output:
Change Dir: /home/perfest/AL_LABS/lab-01-parser-test/cmake-build-debug/CMakeFiles/CMakeTmp

Run Build Command(s):/usr/bin/make cmTC_6c89c/fast && /usr/bin/make  -f CMakeFiles/cmTC_6c89c.dir/build.make CMakeFiles/cmTC_6c89c.dir/build
make[1]: вход в каталог «/home/perfest/AL_LABS/lab-01-parser-test/cmake-build-debug/CMakeFiles/CMakeTmp»
Building C object CMakeFiles/cmTC_6c89c.dir/testCCompiler.c.o
/usr/bin/gcc-8    -o CMakeFiles/cmTC_6c89c.dir/testCCompiler.c.o   -c /home/perfest/AL_LABS/lab-01-parser-test/cmake-build-debug/CMakeFiles/CMakeTmp/testCCompiler.c
Linking C executable cmTC_6c89c
/home/perfest/Clion/clion-2020.2.1/bin/cmake/linux/bin/cmake -E cmake_link_script CMakeFiles/cmTC_6c89c.dir/link.txt --verbose=1
/usr/bin/gcc-8      CMakeFiles/cmTC_6c89c.dir/testCCompiler.c.o  -o cmTC_6c89c 
make[1]: выход из каталога «/home/perfest/AL_LABS/lab-01-parser-test/cmake-build-debug/CMakeFiles/CMakeTmp»



Detecting C compiler ABI info compiled with the following output:
Change Dir: /home/perfest/AL_LABS/lab-01-parser-test/cmake-build-debug/CMakeFiles/CMakeTmp

Run Build Command(s):/usr/bin/make cmTC_596d1/fast && /usr/bin/make  -f CMakeFiles/cmTC_596d1.dir/build.make CMakeFiles/cmTC_596d1.dir/build
make[1]: Entering directory '/home/perfest/AL_LABS/lab-01-parser-test/cmake-build-debug/CMakeFiles/CMakeTmp'
Building C object CMakeFiles/cmTC_596d1.dir/CMakeCCompilerABI.c.o
/usr/bin/gcc-8   -v -o CMakeFiles/cmTC_596d1.dir/CMakeCCompilerABI.c.o   -c /home/perfest/Clion/clion-2020.2.1/bin/cmake/linux/share/cmake-3.17/Modules/CMakeCCompilerABI.c
Using built-in specs.
COLLECT_GCC=/usr/bin/gcc-8
Target: x86_64-pc-linux-gnu
Configured with: /build/gcc8/src/gcc/configure --prefix=/usr --libdir=/usr/lib --libexecdir=/usr/lib --mandir=/usr/share/man --infodir=/usr/share/info --with-bugurl=https://bugs.archlinux.org/ --enable-languages=c,c++,fortran,lto --enable-shared --enable-threads=posix --enable-libmpx --with-system-zlib --with-isl --enable-__cxa_atexit --disable-libunwind-exceptions --enable-clocale=gnu --disable-libstdcxx-pch --disable-libssp --enable-gnu-unique-object --enable-linker-build-id --enable-lto --enable-plugin --enable-install-libiberty --with-linker-hash-style=gnu --enable-gnu-indirect-function --disable-multilib --disable-werror --enable-checking=release --enable-default-pie --enable-default-ssp --enable-cet=auto --program-suffix=-8 --enable-version-specific-runtime-libs
Thread model: posix
gcc version 8.4.0 (GCC) 
COLLECT_GCC_OPTIONS='-v' '-o' 'CMakeFiles/cmTC_596d1.dir/CMakeCCompilerABI.c.o' '-c' '-mtune=generic' '-march=x86-64'
 /usr/lib/gcc/x86_64-pc-linux-gnu/8.4.0/cc1 -quiet -v /home/perfest/Clion/clion-2020.2.1/bin/cmake/linux/share/cmake-3.17/Modules/CMakeCCompilerABI.c -quiet -dumpbase CMakeCCompilerABI.c -mtune=generic -march=x86-64 -auxbase-strip CMakeFiles/cmTC_596d1.dir/CMakeCCompilerABI.c.o -version -o /tmp/ccdzyOru.s
GNU C17 (GCC) version 8.4.0 (x86_64-pc-linux-gnu)
	compiled by GNU C version 8.4.0, GMP version 6.2.0, MPFR version 4.0.2, MPC version 1.1.0, isl version isl-0.21-GMP

warning: MPFR header version 4.0.2 differs from library version 4.1.0.
GGC heuristics: --param ggc-min-expand=100 --param ggc-min-heapsize=131072
ignoring nonexistent directory "/usr/lib/gcc/x86_64-pc-linux-gnu/8.4.0/../../../../x86_64-pc-linux-gnu/include"
#include "..." search starts here:
#include <...> search starts here:
 /usr/lib/gcc/x86_64-pc-linux-gnu/8.4.0/include
 /usr/local/include
 /usr/lib/gcc/x86_64-pc-linux-gnu/8.4.0/include-fixed
 /usr/include
End of search list.
GNU C17 (GCC) version 8.4.0 (x86_64-pc-linux-gnu)
	compiled by GNU C version 8.4.0, GMP version 6.2.0, MPFR version 4.0.2, MPC version 1.1.0, isl version isl-0.21-GMP

warning: MPFR header version 4.0.2 differs from library version 4.1.0.
GGC heuristics: --param ggc-min-expand=100 --param ggc-min-heapsize=131072
Compiler executable checksum: ce8408dfcceb74c8b758a513c46a8db6
COLLECT_GCC_OPTIONS='-v' '-o' 'CMakeFiles/cmTC_596d1.dir/CMakeCCompilerABI.c.o' '-c' '-mtune=generic' '-march=x86-64'
 as -v --64 -o CMakeFiles/cmTC_596d1.dir/CMakeCCompilerABI.c.o /tmp/ccdzyOru.s
GNU assembler version 2.35 (x86_64-pc-linux-gnu) using BFD version (GNU Binutils) 2.35
COMPILER_PATH=/usr/lib/gcc/x86_64-pc-linux-gnu/8.4.0/:/usr/lib/gcc/x86_64-pc-linux-gnu/8.4.0/:/usr/lib/gcc/x86_64-pc-linux-gnu/:/usr/lib/gcc/x86_64-pc-linux-gnu/8.4.0/:/usr/lib/gcc/x86_64-pc-linux-gnu/
LIBRARY_PATH=/usr/lib/gcc/x86_64-pc-linux-gnu/8.4.0/:/usr/lib/gcc/x86_64-pc-linux-gnu/8.4.0/../../../../lib/:/lib/../lib/:/usr/lib/../lib/:/usr/lib/gcc/x86_64-pc-linux-gnu/8.4.0/../../../:/lib/:/usr/lib/
COLLECT_GCC_OPTIONS='-v' '-o' 'CMakeFiles/cmTC_596d1.dir/CMakeCCompilerABI.c.o' '-c' '-mtune=generic' '-march=x86-64'
Linking C executable cmTC_596d1
/home/perfest/Clion/clion-2020.2.1/bin/cmake/linux/bin/cmake -E cmake_link_script CMakeFiles/cmTC_596d1.dir/link.txt --verbose=1
/usr/bin/gcc-8     -v CMakeFiles/cmTC_596d1.dir/CMakeCCompilerABI.c.o  -o cmTC_596d1 
Using built-in specs.
COLLECT_GCC=/usr/bin/gcc-8
COLLECT_LTO_WRAPPER=/usr/lib/gcc/x86_64-pc-linux-gnu/8.4.0/lto-wrapper
Target: x86_64-pc-linux-gnu
Configured with: /build/gcc8/src/gcc/configure --prefix=/usr --libdir=/usr/lib --libexecdir=/usr/lib --mandir=/usr/share/man --infodir=/usr/share/info --with-bugurl=https://bugs.archlinux.org/ --enable-languages=c,c++,fortran,lto --enable-shared --enable-threads=posix --enable-libmpx --with-system-zlib --with-isl --enable-__cxa_atexit --disable-libunwind-exceptions --enable-clocale=gnu --disable-libstdcxx-pch --disable-libssp --enable-gnu-unique-object --enable-linker-build-id --enable-lto --enable-plugin --enable-install-libiberty --with-linker-hash-style=gnu --enable-gnu-indirect-function --disable-multilib --disable-werror --enable-checking=release --enable-default-pie --enable-default-ssp --enable-cet=auto --program-suffix=-8 --enable-version-specific-runtime-libs
Thread model: posix
gcc version 8.4.0 (GCC) 
COMPILER_PATH=/usr/lib/gcc/x86_64-pc-linux-gnu/8.4.0/:/usr/lib/gcc/x86_64-pc-linux-gnu/8.4.0/:/usr/lib/gcc/x86_64-pc-linux-gnu/:/usr/lib/gcc/x86_64-pc-linux-gnu/8.4.0/:/usr/lib/gcc/x86_64-pc-linux-gnu/
LIBRARY_PATH=/usr/lib/gcc/x86_64-pc-linux-gnu/8.4.0/:/usr/lib/gcc/x86_64-pc-linux-gnu/8.4.0/../../../../lib/:/lib/../lib/:/usr/lib/../lib/:/usr/lib/gcc/x86_64-pc-linux-gnu/8.4.0/../../../:/lib/:/usr/lib/
COLLECT_GCC_OPTIONS='-v' '-o' 'cmTC_596d1' '-mtune=generic' '-march=x86-64'
 /usr/lib/gcc/x86_64-pc-linux-gnu/8.4.0/collect2 -plugin /usr/lib/gcc/x86_64-pc-linux-gnu/8.4.0/liblto_plugin.so -plugin-opt=/usr/lib/gcc/x86_64-pc-linux-gnu/8.4.0/lto-wrapper -plugin-opt=-fresolution=/tmp/cc19jL4U.res -plugin-opt=-pass-through=-lgcc -plugin-opt=-pass-through=-lgcc_s -plugin-opt=-pass-through=-lc -plugin-opt=-pass-through=-lgcc -plugin-opt=-pass-through=-lgcc_s --build-id --eh-frame-hdr --hash-style=gnu -m elf_x86_64 -dynamic-linker /lib64/ld-linux-x86-64.so.2 -pie -o cmTC_596d1 /usr/lib/gcc/x86_64-pc-linux-gnu/8.4.0/../../../../lib/Scrt1.o /usr/lib/gcc/x86_64-pc-linux-gnu/8.4.0/../../../../lib/crti.o /usr/lib/gcc/x86_64-pc-linux-gnu/8.4.0/crtbeginS.o -L/usr/lib/gcc/x86_64-pc-linux-gnu/8.4.0 -L/usr/lib/gcc/x86_64-pc-linux-gnu/8.4.0/../../../../lib -L/lib/../lib -L/usr/lib/../lib -L/usr/lib/gcc/x86_64-pc-linux-gnu/8.4.0/../../.. CMakeFiles/cmTC_596d1.dir/CMakeCCompilerABI.c.o -lgcc --as-needed -lgcc_s --no-as-needed -lc -lgcc --as-needed -lgcc_s --no-as-needed /usr/lib/gcc/x86_64-pc-linux-gnu/8.4.0/crtendS.o /usr/lib/gcc/x86_64-pc-linux-gnu/8.4.0/../../../../lib/crtn.o
COLLECT_GCC_OPTIONS='-v' '-o' 'cmTC_596d1' '-mtune=generic' '-march=x86-64'
make[1]: Leaving directory '/home/perfest/AL_LABS/lab-01-parser-test/cmake-build-debug/CMakeFiles/CMakeTmp'



Parsed C implicit include dir info from above output: rv=done
  found start of include info
  found start of implicit include info
    add: [/usr/lib/gcc/x86_64-pc-linux-gnu/8.4.0/include]
    add: [/usr/local/include]
    add: [/usr/lib/gcc/x86_64-pc-linux-gnu/8.4.0/include-fixed]
    add: [/usr/include]
  end of search list found
  collapse include dir [/usr/lib/gcc/x86_64-pc-linux-gnu/8.4.0/include] ==> [/usr/lib/gcc/x86_64-pc-linux-gnu/8.4.0/include]
  collapse include dir [/usr/local/include] ==> [/usr/local/include]
  collapse include dir [/usr/lib/gcc/x86_64-pc-linux-gnu/8.4.0/include-fixed] ==> [/usr/lib/gcc/x86_64-pc-linux-gnu/8.4.0/include-fixed]
  collapse include dir [/usr/include] ==> [/usr/include]
  implicit include dirs: [/usr/lib/gcc/x86_64-pc-linux-gnu/8.4.0/include;/usr/local/include;/usr/lib/gcc/x86_64-pc-linux-gnu/8.4.0/include-fixed;/usr/include]


Parsed C implicit link information from above output:
  link line regex: [^( *|.*[/\])(ld|CMAKE_LINK_STARTFILE-NOTFOUND|([^/\]+-)?ld|collect2)[^/\]*( |$)]
  ignore line: [Change Dir: /home/perfest/AL_LABS/lab-01-parser-test/cmake-build-debug/CMakeFiles/CMakeTmp]
  ignore line: []
  ignore line: [Run Build Command(s):/usr/bin/make cmTC_596d1/fast && /usr/bin/make  -f CMakeFiles/cmTC_596d1.dir/build.make CMakeFiles/cmTC_596d1.dir/build]
  ignore line: [make[1]: Entering directory '/home/perfest/AL_LABS/lab-01-parser-test/cmake-build-debug/CMakeFiles/CMakeTmp']
  ignore line: [Building C object CMakeFiles/cmTC_596d1.dir/CMakeCCompilerABI.c.o]
  ignore line: [/usr/bin/gcc-8   -v -o CMakeFiles/cmTC_596d1.dir/CMakeCCompilerABI.c.o   -c /home/perfest/Clion/clion-2020.2.1/bin/cmake/linux/share/cmake-3.17/Modules/CMakeCCompilerABI.c]
  ignore line: [Using built-in specs.]
  ignore line: [COLLECT_GCC=/usr/bin/gcc-8]
  ignore line: [Target: x86_64-pc-linux-gnu]
  ignore line: [Configured with: /build/gcc8/src/gcc/configure --prefix=/usr --libdir=/usr/lib --libexecdir=/usr/lib --mandir=/usr/share/man --infodir=/usr/share/info --with-bugurl=https://bugs.archlinux.org/ --enable-languages=c c++ fortran lto --enable-shared --enable-threads=posix --enable-libmpx --with-system-zlib --with-isl --enable-__cxa_atexit --disable-libunwind-exceptions --enable-clocale=gnu --disable-libstdcxx-pch --disable-libssp --enable-gnu-unique-object --enable-linker-build-id --enable-lto --enable-plugin --enable-install-libiberty --with-linker-hash-style=gnu --enable-gnu-indirect-function --disable-multilib --disable-werror --enable-checking=release --enable-default-pie --enable-default-ssp --enable-cet=auto --program-suffix=-8 --enable-version-specific-runtime-libs]
  ignore line: [Thread model: posix]
  ignore line: [gcc version 8.4.0 (GCC) ]
  ignore line: [COLLECT_GCC_OPTIONS='-v' '-o' 'CMakeFiles/cmTC_596d1.dir/CMakeCCompilerABI.c.o' '-c' '-mtune=generic' '-march=x86-64']
  ignore line: [ /usr/lib/gcc/x86_64-pc-linux-gnu/8.4.0/cc1 -quiet -v /home/perfest/Clion/clion-2020.2.1/bin/cmake/linux/share/cmake-3.17/Modules/CMakeCCompilerABI.c -quiet -dumpbase CMakeCCompilerABI.c -mtune=generic -march=x86-64 -auxbase-strip CMakeFiles/cmTC_596d1.dir/CMakeCCompilerABI.c.o -version -o /tmp/ccdzyOru.s]
  ignore line: [GNU C17 (GCC) version 8.4.0 (x86_64-pc-linux-gnu)]
  ignore line: [	compiled by GNU C version 8.4.0  GMP version 6.2.0  MPFR version 4.0.2  MPC version 1.1.0  isl version isl-0.21-GMP]
  ignore line: []
  ignore line: [warning: MPFR header version 4.0.2 differs from library version 4.1.0.]
  ignore line: [GGC heuristics: --param ggc-min-expand=100 --param ggc-min-heapsize=131072]
  ignore line: [ignoring nonexistent directory "/usr/lib/gcc/x86_64-pc-linux-gnu/8.4.0/../../../../x86_64-pc-linux-gnu/include"]
  ignore line: [#include "..." search starts here:]
  ignore line: [#include <...> search starts here:]
  ignore line: [ /usr/lib/gcc/x86_64-pc-linux-gnu/8.4.0/include]
  ignore line: [ /usr/local/include]
  ignore line: [ /usr/lib/gcc/x86_64-pc-linux-gnu/8.4.0/include-fixed]
  ignore line: [ /usr/include]
  ignore line: [End of search list.]
  ignore line: [GNU C17 (GCC) version 8.4.0 (x86_64-pc-linux-gnu)]
  ignore line: [	compiled by GNU C version 8.4.0  GMP version 6.2.0  MPFR version 4.0.2  MPC version 1.1.0  isl version isl-0.21-GMP]
  ignore line: []
  ignore line: [warning: MPFR header version 4.0.2 differs from library version 4.1.0.]
  ignore line: [GGC heuristics: --param ggc-min-expand=100 --param ggc-min-heapsize=131072]
  ignore line: [Compiler executable checksum: ce8408dfcceb74c8b758a513c46a8db6]
  ignore line: [COLLECT_GCC_OPTIONS='-v' '-o' 'CMakeFiles/cmTC_596d1.dir/CMakeCCompilerABI.c.o' '-c' '-mtune=generic' '-march=x86-64']
  ignore line: [ as -v --64 -o CMakeFiles/cmTC_596d1.dir/CMakeCCompilerABI.c.o /tmp/ccdzyOru.s]
  ignore line: [GNU assembler version 2.35 (x86_64-pc-linux-gnu) using BFD version (GNU Binutils) 2.35]
  ignore line: [COMPILER_PATH=/usr/lib/gcc/x86_64-pc-linux-gnu/8.4.0/:/usr/lib/gcc/x86_64-pc-linux-gnu/8.4.0/:/usr/lib/gcc/x86_64-pc-linux-gnu/:/usr/lib/gcc/x86_64-pc-linux-gnu/8.4.0/:/usr/lib/gcc/x86_64-pc-linux-gnu/]
  ignore line: [LIBRARY_PATH=/usr/lib/gcc/x86_64-pc-linux-gnu/8.4.0/:/usr/lib/gcc/x86_64-pc-linux-gnu/8.4.0/../../../../lib/:/lib/../lib/:/usr/lib/../lib/:/usr/lib/gcc/x86_64-pc-linux-gnu/8.4.0/../../../:/lib/:/usr/lib/]
  ignore line: [COLLECT_GCC_OPTIONS='-v' '-o' 'CMakeFiles/cmTC_596d1.dir/CMakeCCompilerABI.c.o' '-c' '-mtune=generic' '-march=x86-64']
  ignore line: [Linking C executable cmTC_596d1]
  ignore line: [/home/perfest/Clion/clion-2020.2.1/bin/cmake/linux/bin/cmake -E cmake_link_script CMakeFiles/cmTC_596d1.dir/link.txt --verbose=1]
  ignore line: [/usr/bin/gcc-8     -v CMakeFiles/cmTC_596d1.dir/CMakeCCompilerABI.c.o  -o cmTC_596d1 ]
  ignore line: [Using built-in specs.]
  ignore line: [COLLECT_GCC=/usr/bin/gcc-8]
  ignore line: [COLLECT_LTO_WRAPPER=/usr/lib/gcc/x86_64-pc-linux-gnu/8.4.0/lto-wrapper]
  ignore line: [Target: x86_64-pc-linux-gnu]
  ignore line: [Configured with: /build/gcc8/src/gcc/configure --prefix=/usr --libdir=/usr/lib --libexecdir=/usr/lib --mandir=/usr/share/man --infodir=/usr/share/info --with-bugurl=https://bugs.archlinux.org/ --enable-languages=c c++ fortran lto --enable-shared --enable-threads=posix --enable-libmpx --with-system-zlib --with-isl --enable-__cxa_atexit --disable-libunwind-exceptions --enable-clocale=gnu --disable-libstdcxx-pch --disable-libssp --enable-gnu-unique-object --enable-linker-build-id --enable-lto --enable-plugin --enable-install-libiberty --with-linker-hash-style=gnu --enable-gnu-indirect-function --disable-multilib --disable-werror --enable-checking=release --enable-default-pie --enable-default-ssp --enable-cet=auto --program-suffix=-8 --enable-version-specific-runtime-libs]
  ignore line: [Thread model: posix]
  ignore line: [gcc version 8.4.0 (GCC) ]
  ignore line: [COMPILER_PATH=/usr/lib/gcc/x86_64-pc-linux-gnu/8.4.0/:/usr/lib/gcc/x86_64-pc-linux-gnu/8.4.0/:/usr/lib/gcc/x86_64-pc-linux-gnu/:/usr/lib/gcc/x86_64-pc-linux-gnu/8.4.0/:/usr/lib/gcc/x86_64-pc-linux-gnu/]
  ignore line: [LIBRARY_PATH=/usr/lib/gcc/x86_64-pc-linux-gnu/8.4.0/:/usr/lib/gcc/x86_64-pc-linux-gnu/8.4.0/../../../../lib/:/lib/../lib/:/usr/lib/../lib/:/usr/lib/gcc/x86_64-pc-linux-gnu/8.4.0/../../../:/lib/:/usr/lib/]
  ignore line: [COLLECT_GCC_OPTIONS='-v' '-o' 'cmTC_596d1' '-mtune=generic' '-march=x86-64']
  link line: [ /usr/lib/gcc/x86_64-pc-linux-gnu/8.4.0/collect2 -plugin /usr/lib/gcc/x86_64-pc-linux-gnu/8.4.0/liblto_plugin.so -plugin-opt=/usr/lib/gcc/x86_64-pc-linux-gnu/8.4.0/lto-wrapper -plugin-opt=-fresolution=/tmp/cc19jL4U.res -plugin-opt=-pass-through=-lgcc -plugin-opt=-pass-through=-lgcc_s -plugin-opt=-pass-through=-lc -plugin-opt=-pass-through=-lgcc -plugin-opt=-pass-through=-lgcc_s --build-id --eh-frame-hdr --hash-style=gnu -m elf_x86_64 -dynamic-linker /lib64/ld-linux-x86-64.so.2 -pie -o cmTC_596d1 /usr/lib/gcc/x86_64-pc-linux-gnu/8.4.0/../../../../lib/Scrt1.o /usr/lib/gcc/x86_64-pc-linux-gnu/8.4.0/../../../../lib/crti.o /usr/lib/gcc/x86_64-pc-linux-gnu/8.4.0/crtbeginS.o -L/usr/lib/gcc/x86_64-pc-linux-gnu/8.4.0 -L/usr/lib/gcc/x86_64-pc-linux-gnu/8.4.0/../../../../lib -L/lib/../lib -L/usr/lib/../lib -L/usr/lib/gcc/x86_64-pc-linux-gnu/8.4.0/../../.. CMakeFiles/cmTC_596d1.dir/CMakeCCompilerABI.c.o -lgcc --as-needed -lgcc_s --no-as-needed -lc -lgcc --as-needed -lgcc_s --no-as-needed /usr/lib/gcc/x86_64-pc-linux-gnu/8.4.0/crtendS.o /usr/lib/gcc/x86_64-pc-linux-gnu/8.4.0/../../../../lib/crtn.o]
    arg [/usr/lib/gcc/x86_64-pc-linux-gnu/8.4.0/collect2] ==> ignore
    arg [-plugin] ==> ignore
    arg [/usr/lib/gcc/x86_64-pc-linux-gnu/8.4.0/liblto_plugin.so] ==> ignore
    arg [-plugin-opt=/usr/lib/gcc/x86_64-pc-linux-gnu/8.4.0/lto-wrapper] ==> ignore
    arg [-plugin-opt=-fresolution=/tmp/cc19jL4U.res] ==> ignore
    arg [-plugin-opt=-pass-through=-lgcc] ==> ignore
    arg [-plugin-opt=-pass-through=-lgcc_s] ==> ignore
    arg [-plugin-opt=-pass-through=-lc] ==> ignore
    arg [-plugin-opt=-pass-through=-lgcc] ==> ignore
    arg [-plugin-opt=-pass-through=-lgcc_s] ==> ignore
    arg [--build-id] ==> ignore
    arg [--eh-frame-hdr] ==> ignore
    arg [--hash-style=gnu] ==> ignore
    arg [-m] ==> ignore
    arg [elf_x86_64] ==> ignore
    arg [-dynamic-linker] ==> ignore
    arg [/lib64/ld-linux-x86-64.so.2] ==> ignore
    arg [-pie] ==> ignore
    arg [-o] ==> ignore
    arg [cmTC_596d1] ==> ignore
    arg [/usr/lib/gcc/x86_64-pc-linux-gnu/8.4.0/../../../../lib/Scrt1.o] ==> ignore
    arg [/usr/lib/gcc/x86_64-pc-linux-gnu/8.4.0/../../../../lib/crti.o] ==> ignore
    arg [/usr/lib/gcc/x86_64-pc-linux-gnu/8.4.0/crtbeginS.o] ==> ignore
    arg [-L/usr/lib/gcc/x86_64-pc-linux-gnu/8.4.0] ==> dir [/usr/lib/gcc/x86_64-pc-linux-gnu/8.4.0]
    arg [-L/usr/lib/gcc/x86_64-pc-linux-gnu/8.4.0/../../../../lib] ==> dir [/usr/lib/gcc/x86_64-pc-linux-gnu/8.4.0/../../../../lib]
    arg [-L/lib/../lib] ==> dir [/lib/../lib]
    arg [-L/usr/lib/../lib] ==> dir [/usr/lib/../lib]
    arg [-L/usr/lib/gcc/x86_64-pc-linux-gnu/8.4.0/../../..] ==> dir [/usr/lib/gcc/x86_64-pc-linux-gnu/8.4.0/../../..]
    arg [CMakeFiles/cmTC_596d1.dir/CMakeCCompilerABI.c.o] ==> ignore
    arg [-lgcc] ==> lib [gcc]
    arg [--as-needed] ==> ignore
    arg [-lgcc_s] ==> lib [gcc_s]
    arg [--no-as-needed] ==> ignore
    arg [-lc] ==> lib [c]
    arg [-lgcc] ==> lib [gcc]
    arg [--as-needed] ==> ignore
    arg [-lgcc_s] ==> lib [gcc_s]
    arg [--no-as-needed] ==> ignore
    arg [/usr/lib/gcc/x86_64-pc-linux-gnu/8.4.0/crtendS.o] ==> ignore
    arg [/usr/lib/gcc/x86_64-pc-linux-gnu/8.4.0/../../../../lib/crtn.o] ==> ignore
  collapse library dir [/usr/lib/gcc/x86_64-pc-linux-gnu/8.4.0] ==> [/usr/lib/gcc/x86_64-pc-linux-gnu/8.4.0]
  collapse library dir [/usr/lib/gcc/x86_64-pc-linux-gnu/8.4.0/../../../../lib] ==> [/usr/lib]
  collapse library dir [/lib/../lib] ==> [/lib]
  collapse library dir [/usr/lib/../lib] ==> [/usr/lib]
  collapse library dir [/usr/lib/gcc/x86_64-pc-linux-gnu/8.4.0/../../..] ==> [/usr/lib]
  implicit libs: [gcc;gcc_s;c;gcc;gcc_s]
  implicit dirs: [/usr/lib/gcc/x86_64-pc-linux-gnu/8.4.0;/usr/lib;/lib]
  implicit fwks: []


Determining if the CXX compiler works passed with the following output:
Change Dir: /home/perfest/AL_LABS/lab-01-parser-test/cmake-build-debug/CMakeFiles/CMakeTmp

Run Build Command(s):/usr/bin/make cmTC_ec55e/fast && /usr/bin/make  -f CMakeFiles/cmTC_ec55e.dir/build.make CMakeFiles/cmTC_ec55e.dir/build
make[1]: вход в каталог «/home/perfest/AL_LABS/lab-01-parser-test/cmake-build-debug/CMakeFiles/CMakeTmp»
Building CXX object CMakeFiles/cmTC_ec55e.dir/testCXXCompiler.cxx.o
/usr/bin/g++-8     -o CMakeFiles/cmTC_ec55e.dir/testCXXCompiler.cxx.o -c /home/perfest/AL_LABS/lab-01-parser-test/cmake-build-debug/CMakeFiles/CMakeTmp/testCXXCompiler.cxx
Linking CXX executable cmTC_ec55e
/home/perfest/Clion/clion-2020.2.1/bin/cmake/linux/bin/cmake -E cmake_link_script CMakeFiles/cmTC_ec55e.dir/link.txt --verbose=1
/usr/bin/g++-8       CMakeFiles/cmTC_ec55e.dir/testCXXCompiler.cxx.o  -o cmTC_ec55e 
make[1]: выход из каталога «/home/perfest/AL_LABS/lab-01-parser-test/cmake-build-debug/CMakeFiles/CMakeTmp»



Detecting CXX compiler ABI info compiled with the following output:
Change Dir: /home/perfest/AL_LABS/lab-01-parser-test/cmake-build-debug/CMakeFiles/CMakeTmp

Run Build Command(s):/usr/bin/make cmTC_78794/fast && /usr/bin/make  -f CMakeFiles/cmTC_78794.dir/build.make CMakeFiles/cmTC_78794.dir/build
make[1]: Entering directory '/home/perfest/AL_LABS/lab-01-parser-test/cmake-build-debug/CMakeFiles/CMakeTmp'
Building CXX object CMakeFiles/cmTC_78794.dir/CMakeCXXCompilerABI.cpp.o
/usr/bin/g++-8    -v -o CMakeFiles/cmTC_78794.dir/CMakeCXXCompilerABI.cpp.o -c /home/perfest/Clion/clion-2020.2.1/bin/cmake/linux/share/cmake-3.17/Modules/CMakeCXXCompilerABI.cpp
Using built-in specs.
COLLECT_GCC=/usr/bin/g++-8
Target: x86_64-pc-linux-gnu
Configured with: /build/gcc8/src/gcc/configure --prefix=/usr --libdir=/usr/lib --libexecdir=/usr/lib --mandir=/usr/share/man --infodir=/usr/share/info --with-bugurl=https://bugs.archlinux.org/ --enable-languages=c,c++,fortran,lto --enable-shared --enable-threads=posix --enable-libmpx --with-system-zlib --with-isl --enable-__cxa_atexit --disable-libunwind-exceptions --enable-clocale=gnu --disable-libstdcxx-pch --disable-libssp --enable-gnu-unique-object --enable-linker-build-id --enable-lto --enable-plugin --enable-install-libiberty --with-linker-hash-style=gnu --enable-gnu-indirect-function --disable-multilib --disable-werror --enable-checking=release --enable-default-pie --enable-default-ssp --enable-cet=auto --program-suffix=-8 --enable-version-specific-runtime-libs
Thread model: posix
gcc version 8.4.0 (GCC) 
COLLECT_GCC_OPTIONS='-v' '-o' 'CMakeFiles/cmTC_78794.dir/CMakeCXXCompilerABI.cpp.o' '-c' '-shared-libgcc' '-mtune=generic' '-march=x86-64'
 /usr/lib/gcc/x86_64-pc-linux-gnu/8.4.0/cc1plus -quiet -v -D_GNU_SOURCE /home/perfest/Clion/clion-2020.2.1/bin/cmake/linux/share/cmake-3.17/Modules/CMakeCXXCompilerABI.cpp -quiet -dumpbase CMakeCXXCompilerABI.cpp -mtune=generic -march=x86-64 -auxbase-strip CMakeFiles/cmTC_78794.dir/CMakeCXXCompilerABI.cpp.o -version -o /tmp/ccjpcFM8.s
GNU C++14 (GCC) version 8.4.0 (x86_64-pc-linux-gnu)
	compiled by GNU C version 8.4.0, GMP version 6.2.0, MPFR version 4.0.2, MPC version 1.1.0, isl version isl-0.21-GMP

warning: MPFR header version 4.0.2 differs from library version 4.1.0.
GGC heuristics: --param ggc-min-expand=100 --param ggc-min-heapsize=131072
ignoring nonexistent directory "/usr/lib/gcc/x86_64-pc-linux-gnu/8.4.0/../../../../x86_64-pc-linux-gnu/include"
#include "..." search starts here:
#include <...> search starts here:
 /usr/lib/gcc/x86_64-pc-linux-gnu/8.4.0/include/c++
 /usr/lib/gcc/x86_64-pc-linux-gnu/8.4.0/include/c++/x86_64-pc-linux-gnu
 /usr/lib/gcc/x86_64-pc-linux-gnu/8.4.0/include/c++/backward
 /usr/lib/gcc/x86_64-pc-linux-gnu/8.4.0/include
 /usr/local/include
 /usr/lib/gcc/x86_64-pc-linux-gnu/8.4.0/include-fixed
 /usr/include
End of search list.
GNU C++14 (GCC) version 8.4.0 (x86_64-pc-linux-gnu)
	compiled by GNU C version 8.4.0, GMP version 6.2.0, MPFR version 4.0.2, MPC version 1.1.0, isl version isl-0.21-GMP

warning: MPFR header version 4.0.2 differs from library version 4.1.0.
GGC heuristics: --param ggc-min-expand=100 --param ggc-min-heapsize=131072
Compiler executable checksum: 23aa944a490f68a8697aa3b708b33e49
COLLECT_GCC_OPTIONS='-v' '-o' 'CMakeFiles/cmTC_78794.dir/CMakeCXXCompilerABI.cpp.o' '-c' '-shared-libgcc' '-mtune=generic' '-march=x86-64'
 as -v --64 -o CMakeFiles/cmTC_78794.dir/CMakeCXXCompilerABI.cpp.o /tmp/ccjpcFM8.s
GNU assembler version 2.35 (x86_64-pc-linux-gnu) using BFD version (GNU Binutils) 2.35
COMPILER_PATH=/usr/lib/gcc/x86_64-pc-linux-gnu/8.4.0/:/usr/lib/gcc/x86_64-pc-linux-gnu/8.4.0/:/usr/lib/gcc/x86_64-pc-linux-gnu/:/usr/lib/gcc/x86_64-pc-linux-gnu/8.4.0/:/usr/lib/gcc/x86_64-pc-linux-gnu/
LIBRARY_PATH=/usr/lib/gcc/x86_64-pc-linux-gnu/8.4.0/:/usr/lib/gcc/x86_64-pc-linux-gnu/8.4.0/../../../../lib/:/lib/../lib/:/usr/lib/../lib/:/usr/lib/gcc/x86_64-pc-linux-gnu/8.4.0/../../../:/lib/:/usr/lib/
COLLECT_GCC_OPTIONS='-v' '-o' 'CMakeFiles/cmTC_78794.dir/CMakeCXXCompilerABI.cpp.o' '-c' '-shared-libgcc' '-mtune=generic' '-march=x86-64'
Linking CXX executable cmTC_78794
/home/perfest/Clion/clion-2020.2.1/bin/cmake/linux/bin/cmake -E cmake_link_script CMakeFiles/cmTC_78794.dir/link.txt --verbose=1
/usr/bin/g++-8      -v CMakeFiles/cmTC_78794.dir/CMakeCXXCompilerABI.cpp.o  -o cmTC_78794 
Using built-in specs.
COLLECT_GCC=/usr/bin/g++-8
COLLECT_LTO_WRAPPER=/usr/lib/gcc/x86_64-pc-linux-gnu/8.4.0/lto-wrapper
Target: x86_64-pc-linux-gnu
Configured with: /build/gcc8/src/gcc/configure --prefix=/usr --libdir=/usr/lib --libexecdir=/usr/lib --mandir=/usr/share/man --infodir=/usr/share/info --with-bugurl=https://bugs.archlinux.org/ --enable-languages=c,c++,fortran,lto --enable-shared --enable-threads=posix --enable-libmpx --with-system-zlib --with-isl --enable-__cxa_atexit --disable-libunwind-exceptions --enable-clocale=gnu --disable-libstdcxx-pch --disable-libssp --enable-gnu-unique-object --enable-linker-build-id --enable-lto --enable-plugin --enable-install-libiberty --with-linker-hash-style=gnu --enable-gnu-indirect-function --disable-multilib --disable-werror --enable-checking=release --enable-default-pie --enable-default-ssp --enable-cet=auto --program-suffix=-8 --enable-version-specific-runtime-libs
Thread model: posix
gcc version 8.4.0 (GCC) 
COMPILER_PATH=/usr/lib/gcc/x86_64-pc-linux-gnu/8.4.0/:/usr/lib/gcc/x86_64-pc-linux-gnu/8.4.0/:/usr/lib/gcc/x86_64-pc-linux-gnu/:/usr/lib/gcc/x86_64-pc-linux-gnu/8.4.0/:/usr/lib/gcc/x86_64-pc-linux-gnu/
LIBRARY_PATH=/usr/lib/gcc/x86_64-pc-linux-gnu/8.4.0/:/usr/lib/gcc/x86_64-pc-linux-gnu/8.4.0/../../../../lib/:/lib/../lib/:/usr/lib/../lib/:/usr/lib/gcc/x86_64-pc-linux-gnu/8.4.0/../../../:/lib/:/usr/lib/
COLLECT_GCC_OPTIONS='-v' '-o' 'cmTC_78794' '-shared-libgcc' '-mtune=generic' '-march=x86-64'
 /usr/lib/gcc/x86_64-pc-linux-gnu/8.4.0/collect2 -plugin /usr/lib/gcc/x86_64-pc-linux-gnu/8.4.0/liblto_plugin.so -plugin-opt=/usr/lib/gcc/x86_64-pc-linux-gnu/8.4.0/lto-wrapper -plugin-opt=-fresolution=/tmp/ccN2V1Cy.res -plugin-opt=-pass-through=-lgcc_s -plugin-opt=-pass-through=-lgcc -plugin-opt=-pass-through=-lc -plugin-opt=-pass-through=-lgcc_s -plugin-opt=-pass-through=-lgcc --build-id --eh-frame-hdr --hash-style=gnu -m elf_x86_64 -dynamic-linker /lib64/ld-linux-x86-64.so.2 -pie -o cmTC_78794 /usr/lib/gcc/x86_64-pc-linux-gnu/8.4.0/../../../../lib/Scrt1.o /usr/lib/gcc/x86_64-pc-linux-gnu/8.4.0/../../../../lib/crti.o /usr/lib/gcc/x86_64-pc-linux-gnu/8.4.0/crtbeginS.o -L/usr/lib/gcc/x86_64-pc-linux-gnu/8.4.0 -L/usr/lib/gcc/x86_64-pc-linux-gnu/8.4.0/../../../../lib -L/lib/../lib -L/usr/lib/../lib -L/usr/lib/gcc/x86_64-pc-linux-gnu/8.4.0/../../.. CMakeFiles/cmTC_78794.dir/CMakeCXXCompilerABI.cpp.o -lstdc++ -lm -lgcc_s -lgcc -lc -lgcc_s -lgcc /usr/lib/gcc/x86_64-pc-linux-gnu/8.4.0/crtendS.o /usr/lib/gcc/x86_64-pc-linux-gnu/8.4.0/../../../../lib/crtn.o
COLLECT_GCC_OPTIONS='-v' '-o' 'cmTC_78794' '-shared-libgcc' '-mtune=generic' '-march=x86-64'
make[1]: Leaving directory '/home/perfest/AL_LABS/lab-01-parser-test/cmake-build-debug/CMakeFiles/CMakeTmp'



Parsed CXX implicit include dir info from above output: rv=done
  found start of include info
  found start of implicit include info
    add: [/usr/lib/gcc/x86_64-pc-linux-gnu/8.4.0/include/c++]
    add: [/usr/lib/gcc/x86_64-pc-linux-gnu/8.4.0/include/c++/x86_64-pc-linux-gnu]
    add: [/usr/lib/gcc/x86_64-pc-linux-gnu/8.4.0/include/c++/backward]
    add: [/usr/lib/gcc/x86_64-pc-linux-gnu/8.4.0/include]
    add: [/usr/local/include]
    add: [/usr/lib/gcc/x86_64-pc-linux-gnu/8.4.0/include-fixed]
    add: [/usr/include]
  end of search list found
  collapse include dir [/usr/lib/gcc/x86_64-pc-linux-gnu/8.4.0/include/c++] ==> [/usr/lib/gcc/x86_64-pc-linux-gnu/8.4.0/include/c++]
  collapse include dir [/usr/lib/gcc/x86_64-pc-linux-gnu/8.4.0/include/c++/x86_64-pc-linux-gnu] ==> [/usr/lib/gcc/x86_64-pc-linux-gnu/8.4.0/include/c++/x86_64-pc-linux-gnu]
  collapse include dir [/usr/lib/gcc/x86_64-pc-linux-gnu/8.4.0/include/c++/backward] ==> [/usr/lib/gcc/x86_64-pc-linux-gnu/8.4.0/include/c++/backward]
  collapse include dir [/usr/lib/gcc/x86_64-pc-linux-gnu/8.4.0/include] ==> [/usr/lib/gcc/x86_64-pc-linux-gnu/8.4.0/include]
  collapse include dir [/usr/local/include] ==> [/usr/local/include]
  collapse include dir [/usr/lib/gcc/x86_64-pc-linux-gnu/8.4.0/include-fixed] ==> [/usr/lib/gcc/x86_64-pc-linux-gnu/8.4.0/include-fixed]
  collapse include dir [/usr/include] ==> [/usr/include]
  implicit include dirs: [/usr/lib/gcc/x86_64-pc-linux-gnu/8.4.0/include/c++;/usr/lib/gcc/x86_64-pc-linux-gnu/8.4.0/include/c++/x86_64-pc-linux-gnu;/usr/lib/gcc/x86_64-pc-linux-gnu/8.4.0/include/c++/backward;/usr/lib/gcc/x86_64-pc-linux-gnu/8.4.0/include;/usr/local/include;/usr/lib/gcc/x86_64-pc-linux-gnu/8.4.0/include-fixed;/usr/include]


Parsed CXX implicit link information from above output:
  link line regex: [^( *|.*[/\])(ld|CMAKE_LINK_STARTFILE-NOTFOUND|([^/\]+-)?ld|collect2)[^/\]*( |$)]
  ignore line: [Change Dir: /home/perfest/AL_LABS/lab-01-parser-test/cmake-build-debug/CMakeFiles/CMakeTmp]
  ignore line: []
  ignore line: [Run Build Command(s):/usr/bin/make cmTC_78794/fast && /usr/bin/make  -f CMakeFiles/cmTC_78794.dir/build.make CMakeFiles/cmTC_78794.dir/build]
  ignore line: [make[1]: Entering directory '/home/perfest/AL_LABS/lab-01-parser-test/cmake-build-debug/CMakeFiles/CMakeTmp']
  ignore line: [Building CXX object CMakeFiles/cmTC_78794.dir/CMakeCXXCompilerABI.cpp.o]
  ignore line: [/usr/bin/g++-8    -v -o CMakeFiles/cmTC_78794.dir/CMakeCXXCompilerABI.cpp.o -c /home/perfest/Clion/clion-2020.2.1/bin/cmake/linux/share/cmake-3.17/Modules/CMakeCXXCompilerABI.cpp]
  ignore line: [Using built-in specs.]
  ignore line: [COLLECT_GCC=/usr/bin/g++-8]
  ignore line: [Target: x86_64-pc-linux-gnu]
  ignore line: [Configured with: /build/gcc8/src/gcc/configure --prefix=/usr --libdir=/usr/lib --libexecdir=/usr/lib --mandir=/usr/share/man --infodir=/usr/share/info --with-bugurl=https://bugs.archlinux.org/ --enable-languages=c c++ fortran lto --enable-shared --enable-threads=posix --enable-libmpx --with-system-zlib --with-isl --enable-__cxa_atexit --disable-libunwind-exceptions --enable-clocale=gnu --disable-libstdcxx-pch --disable-libssp --enable-gnu-unique-object --enable-linker-build-id --enable-lto --enable-plugin --enable-install-libiberty --with-linker-hash-style=gnu --enable-gnu-indirect-function --disable-multilib --disable-werror --enable-checking=release --enable-default-pie --enable-default-ssp --enable-cet=auto --program-suffix=-8 --enable-version-specific-runtime-libs]
  ignore line: [Thread model: posix]
  ignore line: [gcc version 8.4.0 (GCC) ]
  ignore line: [COLLECT_GCC_OPTIONS='-v' '-o' 'CMakeFiles/cmTC_78794.dir/CMakeCXXCompilerABI.cpp.o' '-c' '-shared-libgcc' '-mtune=generic' '-march=x86-64']
  ignore line: [ /usr/lib/gcc/x86_64-pc-linux-gnu/8.4.0/cc1plus -quiet -v -D_GNU_SOURCE /home/perfest/Clion/clion-2020.2.1/bin/cmake/linux/share/cmake-3.17/Modules/CMakeCXXCompilerABI.cpp -quiet -dumpbase CMakeCXXCompilerABI.cpp -mtune=generic -march=x86-64 -auxbase-strip CMakeFiles/cmTC_78794.dir/CMakeCXXCompilerABI.cpp.o -version -o /tmp/ccjpcFM8.s]
  ignore line: [GNU C++14 (GCC) version 8.4.0 (x86_64-pc-linux-gnu)]
  ignore line: [	compiled by GNU C version 8.4.0  GMP version 6.2.0  MPFR version 4.0.2  MPC version 1.1.0  isl version isl-0.21-GMP]
  ignore line: []
  ignore line: [warning: MPFR header version 4.0.2 differs from library version 4.1.0.]
  ignore line: [GGC heuristics: --param ggc-min-expand=100 --param ggc-min-heapsize=131072]
  ignore line: [ignoring nonexistent directory "/usr/lib/gcc/x86_64-pc-linux-gnu/8.4.0/../../../../x86_64-pc-linux-gnu/include"]
  ignore line: [#include "..." search starts here:]
  ignore line: [#include <...> search starts here:]
  ignore line: [ /usr/lib/gcc/x86_64-pc-linux-gnu/8.4.0/include/c++]
  ignore line: [ /usr/lib/gcc/x86_64-pc-linux-gnu/8.4.0/include/c++/x86_64-pc-linux-gnu]
  ignore line: [ /usr/lib/gcc/x86_64-pc-linux-gnu/8.4.0/include/c++/backward]
  ignore line: [ /usr/lib/gcc/x86_64-pc-linux-gnu/8.4.0/include]
  ignore line: [ /usr/local/include]
  ignore line: [ /usr/lib/gcc/x86_64-pc-linux-gnu/8.4.0/include-fixed]
  ignore line: [ /usr/include]
  ignore line: [End of search list.]
  ignore line: [GNU C++14 (GCC) version 8.4.0 (x86_64-pc-linux-gnu)]
  ignore line: [	compiled by GNU C version 8.4.0  GMP version 6.2.0  MPFR version 4.0.2  MPC version 1.1.0  isl version isl-0.21-GMP]
  ignore line: []
  ignore line: [warning: MPFR header version 4.0.2 differs from library version 4.1.0.]
  ignore line: [GGC heuristics: --param ggc-min-expand=100 --param ggc-min-heapsize=131072]
  ignore line: [Compiler executable checksum: 23aa944a490f68a8697aa3b708b33e49]
  ignore line: [COLLECT_GCC_OPTIONS='-v' '-o' 'CMakeFiles/cmTC_78794.dir/CMakeCXXCompilerABI.cpp.o' '-c' '-shared-libgcc' '-mtune=generic' '-march=x86-64']
  ignore line: [ as -v --64 -o CMakeFiles/cmTC_78794.dir/CMakeCXXCompilerABI.cpp.o /tmp/ccjpcFM8.s]
  ignore line: [GNU assembler version 2.35 (x86_64-pc-linux-gnu) using BFD version (GNU Binutils) 2.35]
  ignore line: [COMPILER_PATH=/usr/lib/gcc/x86_64-pc-linux-gnu/8.4.0/:/usr/lib/gcc/x86_64-pc-linux-gnu/8.4.0/:/usr/lib/gcc/x86_64-pc-linux-gnu/:/usr/lib/gcc/x86_64-pc-linux-gnu/8.4.0/:/usr/lib/gcc/x86_64-pc-linux-gnu/]
  ignore line: [LIBRARY_PATH=/usr/lib/gcc/x86_64-pc-linux-gnu/8.4.0/:/usr/lib/gcc/x86_64-pc-linux-gnu/8.4.0/../../../../lib/:/lib/../lib/:/usr/lib/../lib/:/usr/lib/gcc/x86_64-pc-linux-gnu/8.4.0/../../../:/lib/:/usr/lib/]
  ignore line: [COLLECT_GCC_OPTIONS='-v' '-o' 'CMakeFiles/cmTC_78794.dir/CMakeCXXCompilerABI.cpp.o' '-c' '-shared-libgcc' '-mtune=generic' '-march=x86-64']
  ignore line: [Linking CXX executable cmTC_78794]
  ignore line: [/home/perfest/Clion/clion-2020.2.1/bin/cmake/linux/bin/cmake -E cmake_link_script CMakeFiles/cmTC_78794.dir/link.txt --verbose=1]
  ignore line: [/usr/bin/g++-8      -v CMakeFiles/cmTC_78794.dir/CMakeCXXCompilerABI.cpp.o  -o cmTC_78794 ]
  ignore line: [Using built-in specs.]
  ignore line: [COLLECT_GCC=/usr/bin/g++-8]
  ignore line: [COLLECT_LTO_WRAPPER=/usr/lib/gcc/x86_64-pc-linux-gnu/8.4.0/lto-wrapper]
  ignore line: [Target: x86_64-pc-linux-gnu]
  ignore line: [Configured with: /build/gcc8/src/gcc/configure --prefix=/usr --libdir=/usr/lib --libexecdir=/usr/lib --mandir=/usr/share/man --infodir=/usr/share/info --with-bugurl=https://bugs.archlinux.org/ --enable-languages=c c++ fortran lto --enable-shared --enable-threads=posix --enable-libmpx --with-system-zlib --with-isl --enable-__cxa_atexit --disable-libunwind-exceptions --enable-clocale=gnu --disable-libstdcxx-pch --disable-libssp --enable-gnu-unique-object --enable-linker-build-id --enable-lto --enable-plugin --enable-install-libiberty --with-linker-hash-style=gnu --enable-gnu-indirect-function --disable-multilib --disable-werror --enable-checking=release --enable-default-pie --enable-default-ssp --enable-cet=auto --program-suffix=-8 --enable-version-specific-runtime-libs]
  ignore line: [Thread model: posix]
  ignore line: [gcc version 8.4.0 (GCC) ]
  ignore line: [COMPILER_PATH=/usr/lib/gcc/x86_64-pc-linux-gnu/8.4.0/:/usr/lib/gcc/x86_64-pc-linux-gnu/8.4.0/:/usr/lib/gcc/x86_64-pc-linux-gnu/:/usr/lib/gcc/x86_64-pc-linux-gnu/8.4.0/:/usr/lib/gcc/x86_64-pc-linux-gnu/]
  ignore line: [LIBRARY_PATH=/usr/lib/gcc/x86_64-pc-linux-gnu/8.4.0/:/usr/lib/gcc/x86_64-pc-linux-gnu/8.4.0/../../../../lib/:/lib/../lib/:/usr/lib/../lib/:/usr/lib/gcc/x86_64-pc-linux-gnu/8.4.0/../../../:/lib/:/usr/lib/]
  ignore line: [COLLECT_GCC_OPTIONS='-v' '-o' 'cmTC_78794' '-shared-libgcc' '-mtune=generic' '-march=x86-64']
  link line: [ /usr/lib/gcc/x86_64-pc-linux-gnu/8.4.0/collect2 -plugin /usr/lib/gcc/x86_64-pc-linux-gnu/8.4.0/liblto_plugin.so -plugin-opt=/usr/lib/gcc/x86_64-pc-linux-gnu/8.4.0/lto-wrapper -plugin-opt=-fresolution=/tmp/ccN2V1Cy.res -plugin-opt=-pass-through=-lgcc_s -plugin-opt=-pass-through=-lgcc -plugin-opt=-pass-through=-lc -plugin-opt=-pass-through=-lgcc_s -plugin-opt=-pass-through=-lgcc --build-id --eh-frame-hdr --hash-style=gnu -m elf_x86_64 -dynamic-linker /lib64/ld-linux-x86-64.so.2 -pie -o cmTC_78794 /usr/lib/gcc/x86_64-pc-linux-gnu/8.4.0/../../../../lib/Scrt1.o /usr/lib/gcc/x86_64-pc-linux-gnu/8.4.0/../../../../lib/crti.o /usr/lib/gcc/x86_64-pc-linux-gnu/8.4.0/crtbeginS.o -L/usr/lib/gcc/x86_64-pc-linux-gnu/8.4.0 -L/usr/lib/gcc/x86_64-pc-linux-gnu/8.4.0/../../../../lib -L/lib/../lib -L/usr/lib/../lib -L/usr/lib/gcc/x86_64-pc-linux-gnu/8.4.0/../../.. CMakeFiles/cmTC_78794.dir/CMakeCXXCompilerABI.cpp.o -lstdc++ -lm -lgcc_s -lgcc -lc -lgcc_s -lgcc /usr/lib/gcc/x86_64-pc-linux-gnu/8.4.0/crtendS.o /usr/lib/gcc/x86_64-pc-linux-gnu/8.4.0/../../../../lib/crtn.o]
    arg [/usr/lib/gcc/x86_64-pc-linux-gnu/8.4.0/collect2] ==> ignore
    arg [-plugin] ==> ignore
    arg [/usr/lib/gcc/x86_64-pc-linux-gnu/8.4.0/liblto_plugin.so] ==> ignore
    arg [-plugin-opt=/usr/lib/gcc/x86_64-pc-linux-gnu/8.4.0/lto-wrapper] ==> ignore
    arg [-plugin-opt=-fresolution=/tmp/ccN2V1Cy.res] ==> ignore
    arg [-plugin-opt=-pass-through=-lgcc_s] ==> ignore
    arg [-plugin-opt=-pass-through=-lgcc] ==> ignore
    arg [-plugin-opt=-pass-through=-lc] ==> ignore
    arg [-plugin-opt=-pass-through=-lgcc_s] ==> ignore
    arg [-plugin-opt=-pass-through=-lgcc] ==> ignore
    arg [--build-id] ==> ignore
    arg [--eh-frame-hdr] ==> ignore
    arg [--hash-style=gnu] ==> ignore
    arg [-m] ==> ignore
    arg [elf_x86_64] ==> ignore
    arg [-dynamic-linker] ==> ignore
    arg [/lib64/ld-linux-x86-64.so.2] ==> ignore
    arg [-pie] ==> ignore
    arg [-o] ==> ignore
    arg [cmTC_78794] ==> ignore
    arg [/usr/lib/gcc/x86_64-pc-linux-gnu/8.4.0/../../../../lib/Scrt1.o] ==> ignore
    arg [/usr/lib/gcc/x86_64-pc-linux-gnu/8.4.0/../../../../lib/crti.o] ==> ignore
    arg [/usr/lib/gcc/x86_64-pc-linux-gnu/8.4.0/crtbeginS.o] ==> ignore
    arg [-L/usr/lib/gcc/x86_64-pc-linux-gnu/8.4.0] ==> dir [/usr/lib/gcc/x86_64-pc-linux-gnu/8.4.0]
    arg [-L/usr/lib/gcc/x86_64-pc-linux-gnu/8.4.0/../../../../lib] ==> dir [/usr/lib/gcc/x86_64-pc-linux-gnu/8.4.0/../../../../lib]
    arg [-L/lib/../lib] ==> dir [/lib/../lib]
    arg [-L/usr/lib/../lib] ==> dir [/usr/lib/../lib]
    arg [-L/usr/lib/gcc/x86_64-pc-linux-gnu/8.4.0/../../..] ==> dir [/usr/lib/gcc/x86_64-pc-linux-gnu/8.4.0/../../..]
    arg [CMakeFiles/cmTC_78794.dir/CMakeCXXCompilerABI.cpp.o] ==> ignore
    arg [-lstdc++] ==> lib [stdc++]
    arg [-lm] ==> lib [m]
    arg [-lgcc_s] ==> lib [gcc_s]
    arg [-lgcc] ==> lib [gcc]
    arg [-lc] ==> lib [c]
    arg [-lgcc_s] ==> lib [gcc_s]
    arg [-lgcc] ==> lib [gcc]
    arg [/usr/lib/gcc/x86_64-pc-linux-gnu/8.4.0/crtendS.o] ==> ignore
    arg [/usr/lib/gcc/x86_64-pc-linux-gnu/8.4.0/../../../../lib/crtn.o] ==> ignore
  collapse library dir [/usr/lib/gcc/x86_64-pc-linux-gnu/8.4.0] ==> [/usr/lib/gcc/x86_64-pc-linux-gnu/8.4.0]
  collapse library dir [/usr/lib/gcc/x86_64-pc-linux-gnu/8.4.0/../../../../lib] ==> [/usr/lib]
  collapse library dir [/lib/../lib] ==> [/lib]
  collapse library dir [/usr/lib/../lib] ==> [/usr/lib]
  collapse library dir [/usr/lib/gcc/x86_64-pc-linux-gnu/8.4.0/../../..] ==> [/usr/lib]
  implicit libs: [stdc++;m;gcc_s;gcc;c;gcc_s;gcc]
  implicit dirs: [/usr/lib/gcc/x86_64-pc-linux-gnu/8.4.0;/usr/lib;/lib]
  implicit fwks: []


Determining if the include file pthread.h exists passed with the following output:
Change Dir: /home/perfest/AL_LABS/lab-01-parser-test/cmake-build-debug/CMakeFiles/CMakeTmp

Run Build Command(s):/usr/bin/make cmTC_25092/fast && /usr/bin/make  -f CMakeFiles/cmTC_25092.dir/build.make CMakeFiles/cmTC_25092.dir/build
make[1]: вход в каталог «/home/perfest/AL_LABS/lab-01-parser-test/cmake-build-debug/CMakeFiles/CMakeTmp»
Building C object CMakeFiles/cmTC_25092.dir/CheckIncludeFile.c.o
/usr/bin/gcc-8    -o CMakeFiles/cmTC_25092.dir/CheckIncludeFile.c.o   -c /home/perfest/AL_LABS/lab-01-parser-test/cmake-build-debug/CMakeFiles/CMakeTmp/CheckIncludeFile.c
Linking C executable cmTC_25092
/home/perfest/Clion/clion-2020.2.1/bin/cmake/linux/bin/cmake -E cmake_link_script CMakeFiles/cmTC_25092.dir/link.txt --verbose=1
/usr/bin/gcc-8      -rdynamic CMakeFiles/cmTC_25092.dir/CheckIncludeFile.c.o  -o cmTC_25092 
make[1]: выход из каталога «/home/perfest/AL_LABS/lab-01-parser-test/cmake-build-debug/CMakeFiles/CMakeTmp»



Determining if the function pthread_create exists in the pthread passed with the following output:
Change Dir: /home/perfest/AL_LABS/lab-01-parser-test/cmake-build-debug/CMakeFiles/CMakeTmp

Run Build Command(s):/usr/bin/make cmTC_02d37/fast && /usr/bin/make  -f CMakeFiles/cmTC_02d37.dir/build.make CMakeFiles/cmTC_02d37.dir/build
make[1]: вход в каталог «/home/perfest/AL_LABS/lab-01-parser-test/cmake-build-debug/CMakeFiles/CMakeTmp»
Building C object CMakeFiles/cmTC_02d37.dir/CheckFunctionExists.c.o
/usr/bin/gcc-8   -DCHECK_FUNCTION_EXISTS=pthread_create   -o CMakeFiles/cmTC_02d37.dir/CheckFunctionExists.c.o   -c /home/perfest/Clion/clion-2020.2.1/bin/cmake/linux/share/cmake-3.17/Modules/CheckFunctionExists.c
Linking C executable cmTC_02d37
/home/perfest/Clion/clion-2020.2.1/bin/cmake/linux/bin/cmake -E cmake_link_script CMakeFiles/cmTC_02d37.dir/link.txt --verbose=1
/usr/bin/gcc-8  -DCHECK_FUNCTION_EXISTS=pthread_create    -rdynamic CMakeFiles/cmTC_02d37.dir/CheckFunctionExists.c.o  -o cmTC_02d37  -lpthread 
make[1]: выход из каталога «/home/perfest/AL_LABS/lab-01-parser-test/cmake-build-debug/CMakeFiles/CMakeTmp»



