Performing C SOURCE FILE Test CMAKE_HAVE_LIBC_PTHREAD failed with the following output:
Change Dir: /home/perfest/AL_LABS/lab-01-parser/cmake-build-debug/CMakeFiles/CMakeTmp

Run Build Command(s):/usr/bin/make cmTC_ffbcb/fast && /usr/bin/make  -f CMakeFiles/cmTC_ffbcb.dir/build.make CMakeFiles/cmTC_ffbcb.dir/build
make[1]: вход в каталог «/home/perfest/AL_LABS/lab-01-parser/cmake-build-debug/CMakeFiles/CMakeTmp»
Building C object CMakeFiles/cmTC_ffbcb.dir/src.c.o
/usr/bin/gcc-8   -DCMAKE_HAVE_LIBC_PTHREAD   -o CMakeFiles/cmTC_ffbcb.dir/src.c.o   -c /home/perfest/AL_LABS/lab-01-parser/cmake-build-debug/CMakeFiles/CMakeTmp/src.c
Linking C executable cmTC_ffbcb
/home/perfest/Clion/clion-2020.2.1/bin/cmake/linux/bin/cmake -E cmake_link_script CMakeFiles/cmTC_ffbcb.dir/link.txt --verbose=1
/usr/bin/gcc-8  -DCMAKE_HAVE_LIBC_PTHREAD    -rdynamic CMakeFiles/cmTC_ffbcb.dir/src.c.o  -o cmTC_ffbcb 
/usr/bin/ld: CMakeFiles/cmTC_ffbcb.dir/src.c.o: в функции «main»:
src.c:(.text+0x3e): неопределённая ссылка на «pthread_create»
/usr/bin/ld: src.c:(.text+0x4a): неопределённая ссылка на «pthread_detach»
/usr/bin/ld: src.c:(.text+0x56): неопределённая ссылка на «pthread_cancel»
/usr/bin/ld: src.c:(.text+0x67): неопределённая ссылка на «pthread_join»
collect2: ошибка: выполнение ld завершилось с кодом возврата 1
make[1]: *** [CMakeFiles/cmTC_ffbcb.dir/build.make:107: cmTC_ffbcb] Ошибка 1
make[1]: выход из каталога «/home/perfest/AL_LABS/lab-01-parser/cmake-build-debug/CMakeFiles/CMakeTmp»
make: *** [Makefile:141: cmTC_ffbcb/fast] Ошибка 2


Source file was:
#include <pthread.h>

void* test_func(void* data)
{
  return data;
}

int main(void)
{
  pthread_t thread;
  pthread_create(&thread, NULL, test_func, NULL);
  pthread_detach(thread);
  pthread_cancel(thread);
  pthread_join(thread, NULL);
  pthread_atfork(NULL, NULL, NULL);
  pthread_exit(NULL);

  return 0;
}

Determining if the function pthread_create exists in the pthreads failed with the following output:
Change Dir: /home/perfest/AL_LABS/lab-01-parser/cmake-build-debug/CMakeFiles/CMakeTmp

Run Build Command(s):/usr/bin/make cmTC_8abfe/fast && /usr/bin/make  -f CMakeFiles/cmTC_8abfe.dir/build.make CMakeFiles/cmTC_8abfe.dir/build
make[1]: вход в каталог «/home/perfest/AL_LABS/lab-01-parser/cmake-build-debug/CMakeFiles/CMakeTmp»
Building C object CMakeFiles/cmTC_8abfe.dir/CheckFunctionExists.c.o
/usr/bin/gcc-8   -DCHECK_FUNCTION_EXISTS=pthread_create   -o CMakeFiles/cmTC_8abfe.dir/CheckFunctionExists.c.o   -c /home/perfest/Clion/clion-2020.2.1/bin/cmake/linux/share/cmake-3.17/Modules/CheckFunctionExists.c
Linking C executable cmTC_8abfe
/home/perfest/Clion/clion-2020.2.1/bin/cmake/linux/bin/cmake -E cmake_link_script CMakeFiles/cmTC_8abfe.dir/link.txt --verbose=1
/usr/bin/gcc-8  -DCHECK_FUNCTION_EXISTS=pthread_create    -rdynamic CMakeFiles/cmTC_8abfe.dir/CheckFunctionExists.c.o  -o cmTC_8abfe  -lpthreads 
/usr/bin/ld: невозможно найти -lpthreads
collect2: ошибка: выполнение ld завершилось с кодом возврата 1
make[1]: *** [CMakeFiles/cmTC_8abfe.dir/build.make:107: cmTC_8abfe] Ошибка 1
make[1]: выход из каталога «/home/perfest/AL_LABS/lab-01-parser/cmake-build-debug/CMakeFiles/CMakeTmp»
make: *** [Makefile:141: cmTC_8abfe/fast] Ошибка 2



