Performing C SOURCE FILE Test CMAKE_HAVE_LIBC_PTHREAD failed with the following output:
Change Dir: /home/perfest/AL_LABS/lab-01-parser/build/CMakeFiles/CMakeTmp

Run Build Command(s):/usr/bin/make cmTC_0385f/fast && /usr/bin/make  -f CMakeFiles/cmTC_0385f.dir/build.make CMakeFiles/cmTC_0385f.dir/build
make[1]: вход в каталог «/home/perfest/AL_LABS/lab-01-parser/build/CMakeFiles/CMakeTmp»
Building C object CMakeFiles/cmTC_0385f.dir/src.c.o
/usr/bin/cc   -DCMAKE_HAVE_LIBC_PTHREAD -o CMakeFiles/cmTC_0385f.dir/src.c.o -c /home/perfest/AL_LABS/lab-01-parser/build/CMakeFiles/CMakeTmp/src.c
Linking C executable cmTC_0385f
/usr/bin/cmake -E cmake_link_script CMakeFiles/cmTC_0385f.dir/link.txt --verbose=1
/usr/bin/cc  -DCMAKE_HAVE_LIBC_PTHREAD -rdynamic CMakeFiles/cmTC_0385f.dir/src.c.o -o cmTC_0385f 
/usr/bin/ld: CMakeFiles/cmTC_0385f.dir/src.c.o: в функции «main»:
src.c:(.text+0x3e): неопределённая ссылка на «pthread_create»
/usr/bin/ld: src.c:(.text+0x4a): неопределённая ссылка на «pthread_detach»
/usr/bin/ld: src.c:(.text+0x56): неопределённая ссылка на «pthread_cancel»
/usr/bin/ld: src.c:(.text+0x67): неопределённая ссылка на «pthread_join»
collect2: ошибка: выполнение ld завершилось с кодом возврата 1
make[1]: *** [CMakeFiles/cmTC_0385f.dir/build.make:106: cmTC_0385f] Ошибка 1
make[1]: выход из каталога «/home/perfest/AL_LABS/lab-01-parser/build/CMakeFiles/CMakeTmp»
make: *** [Makefile:140: cmTC_0385f/fast] Ошибка 2


Source file was:
#include <pthread.h>

void* test_func(void* data)
{
  return data;
}

int main(void)
{
  pthread_t thread;
  pthread_create(&thread, NULL, test_func, NULL);
  pthread_detach(thread);
  pthread_cancel(thread);
  pthread_join(thread, NULL);
  pthread_atfork(NULL, NULL, NULL);
  pthread_exit(NULL);

  return 0;
}

Determining if the function pthread_create exists in the pthreads failed with the following output:
Change Dir: /home/perfest/AL_LABS/lab-01-parser/build/CMakeFiles/CMakeTmp

Run Build Command(s):/usr/bin/make cmTC_6e8d6/fast && /usr/bin/make  -f CMakeFiles/cmTC_6e8d6.dir/build.make CMakeFiles/cmTC_6e8d6.dir/build
make[1]: вход в каталог «/home/perfest/AL_LABS/lab-01-parser/build/CMakeFiles/CMakeTmp»
Building C object CMakeFiles/cmTC_6e8d6.dir/CheckFunctionExists.c.o
/usr/bin/cc   -DCHECK_FUNCTION_EXISTS=pthread_create -o CMakeFiles/cmTC_6e8d6.dir/CheckFunctionExists.c.o -c /usr/share/cmake-3.18/Modules/CheckFunctionExists.c
Linking C executable cmTC_6e8d6
/usr/bin/cmake -E cmake_link_script CMakeFiles/cmTC_6e8d6.dir/link.txt --verbose=1
/usr/bin/cc  -DCHECK_FUNCTION_EXISTS=pthread_create -rdynamic CMakeFiles/cmTC_6e8d6.dir/CheckFunctionExists.c.o -o cmTC_6e8d6  -lpthreads 
/usr/bin/ld: невозможно найти -lpthreads
collect2: ошибка: выполнение ld завершилось с кодом возврата 1
make[1]: *** [CMakeFiles/cmTC_6e8d6.dir/build.make:106: cmTC_6e8d6] Ошибка 1
make[1]: выход из каталога «/home/perfest/AL_LABS/lab-01-parser/build/CMakeFiles/CMakeTmp»
make: *** [Makefile:140: cmTC_6e8d6/fast] Ошибка 2



Performing C SOURCE FILE Test CMAKE_HAVE_LIBC_PTHREAD failed with the following output:
Change Dir: /home/perfest/AL_LABS/lab-01-parser/build/CMakeFiles/CMakeTmp

Run Build Command(s):/usr/bin/make cmTC_e05ac/fast && /usr/bin/make  -f CMakeFiles/cmTC_e05ac.dir/build.make CMakeFiles/cmTC_e05ac.dir/build
make[1]: вход в каталог «/home/perfest/AL_LABS/lab-01-parser/build/CMakeFiles/CMakeTmp»
Building C object CMakeFiles/cmTC_e05ac.dir/src.c.o
/usr/bin/cc   -DCMAKE_HAVE_LIBC_PTHREAD -o CMakeFiles/cmTC_e05ac.dir/src.c.o -c /home/perfest/AL_LABS/lab-01-parser/build/CMakeFiles/CMakeTmp/src.c
Linking C executable cmTC_e05ac
/usr/bin/cmake -E cmake_link_script CMakeFiles/cmTC_e05ac.dir/link.txt --verbose=1
/usr/bin/cc  -DCMAKE_HAVE_LIBC_PTHREAD -rdynamic CMakeFiles/cmTC_e05ac.dir/src.c.o -o cmTC_e05ac 
/usr/bin/ld: CMakeFiles/cmTC_e05ac.dir/src.c.o: в функции «main»:
src.c:(.text+0x3e): неопределённая ссылка на «pthread_create»
/usr/bin/ld: src.c:(.text+0x4a): неопределённая ссылка на «pthread_detach»
/usr/bin/ld: src.c:(.text+0x56): неопределённая ссылка на «pthread_cancel»
/usr/bin/ld: src.c:(.text+0x67): неопределённая ссылка на «pthread_join»
collect2: ошибка: выполнение ld завершилось с кодом возврата 1
make[1]: *** [CMakeFiles/cmTC_e05ac.dir/build.make:106: cmTC_e05ac] Ошибка 1
make[1]: выход из каталога «/home/perfest/AL_LABS/lab-01-parser/build/CMakeFiles/CMakeTmp»
make: *** [Makefile:140: cmTC_e05ac/fast] Ошибка 2


Source file was:
#include <pthread.h>

void* test_func(void* data)
{
  return data;
}

int main(void)
{
  pthread_t thread;
  pthread_create(&thread, NULL, test_func, NULL);
  pthread_detach(thread);
  pthread_cancel(thread);
  pthread_join(thread, NULL);
  pthread_atfork(NULL, NULL, NULL);
  pthread_exit(NULL);

  return 0;
}

Determining if the function pthread_create exists in the pthreads failed with the following output:
Change Dir: /home/perfest/AL_LABS/lab-01-parser/build/CMakeFiles/CMakeTmp

Run Build Command(s):/usr/bin/make cmTC_1af86/fast && /usr/bin/make  -f CMakeFiles/cmTC_1af86.dir/build.make CMakeFiles/cmTC_1af86.dir/build
make[1]: вход в каталог «/home/perfest/AL_LABS/lab-01-parser/build/CMakeFiles/CMakeTmp»
Building C object CMakeFiles/cmTC_1af86.dir/CheckFunctionExists.c.o
/usr/bin/cc   -DCHECK_FUNCTION_EXISTS=pthread_create -o CMakeFiles/cmTC_1af86.dir/CheckFunctionExists.c.o -c /usr/share/cmake-3.18/Modules/CheckFunctionExists.c
Linking C executable cmTC_1af86
/usr/bin/cmake -E cmake_link_script CMakeFiles/cmTC_1af86.dir/link.txt --verbose=1
/usr/bin/cc  -DCHECK_FUNCTION_EXISTS=pthread_create -rdynamic CMakeFiles/cmTC_1af86.dir/CheckFunctionExists.c.o -o cmTC_1af86  -lpthreads 
/usr/bin/ld: невозможно найти -lpthreads
collect2: ошибка: выполнение ld завершилось с кодом возврата 1
make[1]: *** [CMakeFiles/cmTC_1af86.dir/build.make:106: cmTC_1af86] Ошибка 1
make[1]: выход из каталога «/home/perfest/AL_LABS/lab-01-parser/build/CMakeFiles/CMakeTmp»
make: *** [Makefile:140: cmTC_1af86/fast] Ошибка 2



